d:\tools\portaudio\build\msvc\x64\release\vc141.pdb
d:\tools\portaudio\build\msvc\x64\release\pa_win_waveformat.obj
d:\tools\portaudio\build\msvc\x64\release\pa_win_util.obj
d:\tools\portaudio\build\msvc\x64\release\pa_win_hostapis.obj
d:\tools\portaudio\build\msvc\x64\release\pa_win_coinitialize.obj
d:\tools\portaudio\build\msvc\x64\release\pa_win_wmme.obj
d:\tools\portaudio\build\msvc\x64\release\pa_win_wdmks.obj
d:\tools\portaudio\build\msvc\x64\release\pa_win_wasapi.obj
d:\tools\portaudio\build\msvc\x64\release\pa_hostapi_skeleton.obj
d:\tools\portaudio\build\msvc\x64\release\pa_win_ds_dynlink.obj
d:\tools\portaudio\build\msvc\x64\release\pa_win_ds.obj
d:\tools\portaudio\build\msvc\x64\release\pa_trace.obj
d:\tools\portaudio\build\msvc\x64\release\pa_stream.obj
d:\tools\portaudio\build\msvc\x64\release\pa_ringbuffer.obj
d:\tools\portaudio\build\msvc\x64\release\pa_process.obj
d:\tools\portaudio\build\msvc\x64\release\pa_front.obj
d:\tools\portaudio\build\msvc\x64\release\pa_dither.obj
d:\tools\portaudio\build\msvc\x64\release\pa_debugprint.obj
d:\tools\portaudio\build\msvc\x64\release\pa_cpuload.obj
d:\tools\portaudio\build\msvc\x64\release\pa_converters.obj
d:\tools\portaudio\build\msvc\x64\release\pa_allocation.obj
d:\tools\portaudio\build\msvc\x64\release\pa_x86_plain_converters.obj
d:\tools\portaudio\build\msvc\x64\release\pa_win_wdmks_utils.obj
d:\tools\portaudio\build\msvc\x64\release\pa_asio.obj
d:\tools\portaudio\build\msvc\x64\release\asiolist.obj
d:\tools\portaudio\build\msvc\x64\release\asiodrivers.obj
d:\tools\portaudio\build\msvc\x64\release\asio.obj
d:\tools\portaudio\build\msvc\x64\release\portaudio_x64.dll
d:\tools\portaudio\build\msvc\x64\release\portaudio_x64.pdb
d:\tools\portaudio\build\msvc\x64\release\portaudio_x64.lib
d:\tools\portaudio\build\msvc\x64\release\portaudio_x64.exp
d:\tools\portaudio\build\msvc\x64\release\portaudio.tlog\cl.command.1.tlog
d:\tools\portaudio\build\msvc\x64\release\portaudio.tlog\cl.read.1.tlog
d:\tools\portaudio\build\msvc\x64\release\portaudio.tlog\cl.write.1.tlog
d:\tools\portaudio\build\msvc\x64\release\portaudio.tlog\link.command.1.tlog
d:\tools\portaudio\build\msvc\x64\release\portaudio.tlog\link.read.1.tlog
d:\tools\portaudio\build\msvc\x64\release\portaudio.tlog\link.write.1.tlog
d:\tools\portaudio\build\msvc\x64\release\portaudio.tlog\portaudio.write.1u.tlog
