  pa_allocation.c
  pa_converters.c
  pa_cpuload.c
  pa_debugprint.c
  pa_dither.c
  pa_front.c
  pa_process.c
  pa_ringbuffer.c
  pa_stream.c
  pa_trace.c
  pa_win_ds.c
  pa_win_ds_dynlink.c
  pa_hostapi_skeleton.c
  pa_win_wasapi.c
  pa_win_wdmks.c
  pa_win_wmme.c
d:\git\test-automation-asr-kws\portaudio\src\hostapi\wmme\pa_win_wmme.c(676): warning C4312: “类型强制转换”: 从“int”转换到更大的“HWAVEIN”
d:\git\test-automation-asr-kws\portaudio\src\hostapi\wmme\pa_win_wmme.c(685): warning C4312: “类型强制转换”: 从“int”转换到更大的“HWAVEIN”
d:\git\test-automation-asr-kws\portaudio\src\hostapi\wmme\pa_win_wmme.c(806): warning C4312: “类型强制转换”: 从“int”转换到更大的“HWAVEOUT”
d:\git\test-automation-asr-kws\portaudio\src\hostapi\wmme\pa_win_wmme.c(815): warning C4312: “类型强制转换”: 从“int”转换到更大的“HWAVEOUT”
d:\git\test-automation-asr-kws\portaudio\src\hostapi\wmme\pa_win_wmme.c(1020): warning C4312: “类型强制转换”: 从“UINT”转换到更大的“HWAVEIN”
d:\git\test-automation-asr-kws\portaudio\src\hostapi\wmme\pa_win_wmme.c(1024): warning C4312: “类型强制转换”: 从“UINT”转换到更大的“HWAVEOUT”
  pa_win_coinitialize.c
  pa_win_hostapis.c
  pa_win_util.c
  pa_win_waveformat.c
  正在生成代码...
  正在编译...
  pa_win_wdmks_utils.c
  pa_x86_plain_converters.c
  正在生成代码...
  asio.cpp
  asiodrivers.cpp
  asiolist.cpp
d:\git\test-automation-asr-kws\portaudio\src\hostapi\asio\asiosdk\host\pc\asiolist.cpp(24): warning C4267: “参数”: 从“size_t”转换到“DWORD”，可能丢失数据
d:\git\test-automation-asr-kws\portaudio\src\hostapi\asio\asiosdk\host\pc\asiolist.cpp(31): warning C4267: “参数”: 从“size_t”转换到“DWORD”，可能丢失数据
  pa_asio.cpp
  正在生成代码...
E:\Program Files (x86)\Microsoft Visual Studio\2017\Community\Common7\IDE\VC\VCTargets\Microsoft.CppBuild.targets(1205,5): warning MSB8012: TargetPath(D:\Git\Test-Automation-ASR-KWS\Portaudio\build\msvc\x64\Release\portaudio.dll) 与 Linker 的 OutputFile 属性值(D:\Git\Test-Automation-ASR-KWS\Portaudio\build\msvc\x64\Release\portaudio_x64.dll)不匹配。这可能导致项目生成不正确。若要更正此问题，请确保 $(OutDir)、$(TargetName) 和 $(TargetExt) 属性值与 %(Link.OutputFile) 中指定的值匹配。
E:\Program Files (x86)\Microsoft Visual Studio\2017\Community\Common7\IDE\VC\VCTargets\Microsoft.CppBuild.targets(1207,5): warning MSB8012: TargetName(portaudio) 与 Linker 的 OutputFile 属性值(portaudio_x64)不匹配。这可能导致项目生成不正确。若要更正此问题，请确保 $(OutDir)、$(TargetName) 和 $(TargetExt) 属性值与 %(Link.OutputFile) 中指定的值匹配。
    正在创建库 x64\Release/portaudio_x64.lib 和对象 x64\Release/portaudio_x64.exp
  portaudio.vcxproj -> D:\Git\Test-Automation-ASR-KWS\Portaudio\build\msvc\x64\Release\portaudio.dll
  x64\Release\portaudio_x64.dll
  复制了 1 个文件
